2022-05-21 16:30:55,202 INFO o.a.j.u.JMeterUtils: Setting Locale to en_US
2022-05-21 16:30:55,282 INFO o.a.j.JMeter: Loading user properties from: /opt/apache-jmeter-5.4.3/bin/user.properties
2022-05-21 16:30:55,283 INFO o.a.j.JMeter: Loading system properties from: /opt/apache-jmeter-5.4.3/bin/system.properties
2022-05-21 16:30:55,288 INFO o.a.j.JMeter: Copyright (c) 1998-2021 The Apache Software Foundation
2022-05-21 16:30:55,289 INFO o.a.j.JMeter: Version 5.4.3
2022-05-21 16:30:55,289 INFO o.a.j.JMeter: java.version=18.0.1.1
2022-05-21 16:30:55,289 INFO o.a.j.JMeter: java.vm.name=OpenJDK 64-Bit Server VM
2022-05-21 16:30:55,289 INFO o.a.j.JMeter: os.name=Linux
2022-05-21 16:30:55,289 INFO o.a.j.JMeter: os.arch=amd64
2022-05-21 16:30:55,289 INFO o.a.j.JMeter: os.version=5.8.0-50-generic
2022-05-21 16:30:55,290 INFO o.a.j.JMeter: file.encoding=UTF-8
2022-05-21 16:30:55,290 INFO o.a.j.JMeter: java.awt.headless=null
2022-05-21 16:30:55,290 INFO o.a.j.JMeter: Max memory     =4173332480
2022-05-21 16:30:55,290 INFO o.a.j.JMeter: Available Processors =12
2022-05-21 16:30:55,297 INFO o.a.j.JMeter: Default Locale=English (United States)
2022-05-21 16:30:55,298 INFO o.a.j.JMeter: JMeter  Locale=English (United States)
2022-05-21 16:30:55,298 INFO o.a.j.JMeter: JMeterHome=/opt/apache-jmeter-5.4.3
2022-05-21 16:30:55,298 INFO o.a.j.JMeter: user.dir  =/media/D/bwSyncShare/SS2022/Seminar/spring-example
2022-05-21 16:30:55,298 INFO o.a.j.JMeter: PWD       =/media/D/bwSyncShare/SS2022/Seminar/spring-example
2022-05-21 16:30:55,299 INFO o.a.j.JMeter: IP: 127.0.1.1 Name: PC FullName: PC
2022-05-21 16:30:55,817 INFO o.a.j.JMeter: Setting LAF to: com.github.weisj.darklaf.DarkLaf:com.github.weisj.darklaf.theme.DarculaTheme
2022-05-21 16:30:56,211 INFO o.a.j.JMeter: Loaded icon properties from org/apache/jmeter/images/icon.properties
2022-05-21 16:30:57,920 ERROR o.a.j.JMeter: An error occurred: 
java.lang.reflect.InaccessibleObjectException: Unable to make field private static java.lang.String sun.awt.X11.XToolkit.awtAppClassName accessible: module java.desktop does not "opens sun.awt.X11" to unnamed module @6ee12bac
	at java.lang.reflect.AccessibleObject.checkCanSetAccessible(AccessibleObject.java:354) ~[?:?]
	at java.lang.reflect.AccessibleObject.checkCanSetAccessible(AccessibleObject.java:297) ~[?:?]
	at java.lang.reflect.Field.checkCanSetAccessible(Field.java:180) ~[?:?]
	at java.lang.reflect.Field.setAccessible(Field.java:174) ~[?:?]
	at org.apache.jmeter.gui.MainFrame.setWindowTitle(MainFrame.java:912) ~[ApacheJMeter_core.jar:5.4.3]
	at org.apache.jmeter.gui.MainFrame.init(MainFrame.java:560) ~[ApacheJMeter_core.jar:5.4.3]
	at org.apache.jmeter.gui.MainFrame.<init>(MainFrame.java:232) ~[ApacheJMeter_core.jar:5.4.3]
	at org.apache.jmeter.JMeter.startGui(JMeter.java:410) ~[ApacheJMeter_core.jar:5.4.3]
	at org.apache.jmeter.JMeter.start(JMeter.java:560) [ApacheJMeter_core.jar:5.4.3]
	at jdk.internal.reflect.DirectMethodHandleAccessor.invoke(DirectMethodHandleAccessor.java:104) ~[?:?]
	at java.lang.reflect.Method.invoke(Method.java:577) ~[?:?]
	at org.apache.jmeter.NewDriver.main(NewDriver.java:254) [ApacheJMeter.jar:5.4.3]
